1736443600.082054 client started (45558): version 3.4, socket /private/tmp/tmux-501/default, protocol 8
1736443600.082115 on Darwin 23.2.0 Darwin Kernel Version 23.2.0: Wed Nov 15 21:54:10 PST 2023; root:xnu-10002.61.3~2/RELEASE_X86_64
1736443600.082136 using libevent 2.1.12-stable select
1736443600.082151 using utf8proc 2.9.0
1736443600.082161 using ncurses 6.5 20240427
1736443600.082197 flags are 0x10010000
1736443600.082206 socket is /private/tmp/tmux-501/default
1736443600.082220 trying connect
1736443600.082312 add peer 0x7f8e60008000: 6 (0x0)
1736443600.084402 sending message 100 to peer 0x7f8e60008000 (4 bytes)
1736443600.084423 sending message 111 to peer 0x7f8e60008000 (8 bytes)
1736443600.084434 sending message 101 to peer 0x7f8e60008000 (14 bytes)
1736443600.084443 sending message 109 to peer 0x7f8e60008000 (4 bytes)
1736443600.084452 sending message 102 to peer 0x7f8e60008000 (13 bytes)
1736443600.084461 sending message 108 to peer 0x7f8e60008000 (42 bytes)
1736443600.084470 sending message 112 to peer 0x7f8e60008000 (70 bytes)
1736443600.084478 sending message 112 to peer 0x7f8e60008000 (5 bytes)
1736443600.084487 sending message 112 to peer 0x7f8e60008000 (5 bytes)
1736443600.084495 sending message 112 to peer 0x7f8e60008000 (6 bytes)
1736443600.084503 sending message 112 to peer 0x7f8e60008000 (6 bytes)
1736443600.084512 sending message 112 to peer 0x7f8e60008000 (11 bytes)
1736443600.084520 sending message 112 to peer 0x7f8e60008000 (10 bytes)
1736443600.084528 sending message 112 to peer 0x7f8e60008000 (13 bytes)
1736443600.084537 sending message 112 to peer 0x7f8e60008000 (13 bytes)
1736443600.084545 sending message 112 to peer 0x7f8e60008000 (18 bytes)
1736443600.084554 sending message 112 to peer 0x7f8e60008000 (11 bytes)
1736443600.084562 sending message 112 to peer 0x7f8e60008000 (10 bytes)
1736443600.084570 sending message 112 to peer 0x7f8e60008000 (15 bytes)
1736443600.084578 sending message 112 to peer 0x7f8e60008000 (21 bytes)
1736443600.084587 sending message 112 to peer 0x7f8e60008000 (13 bytes)
1736443600.084595 sending message 112 to peer 0x7f8e60008000 (7 bytes)
1736443600.084603 sending message 112 to peer 0x7f8e60008000 (13 bytes)
1736443600.084611 sending message 112 to peer 0x7f8e60008000 (7 bytes)
1736443600.084620 sending message 112 to peer 0x7f8e60008000 (13 bytes)
1736443600.084628 sending message 112 to peer 0x7f8e60008000 (9 bytes)
1736443600.084636 sending message 112 to peer 0x7f8e60008000 (21 bytes)
1736443600.084645 sending message 112 to peer 0x7f8e60008000 (13 bytes)
1736443600.084653 sending message 112 to peer 0x7f8e60008000 (8 bytes)
1736443600.084661 sending message 112 to peer 0x7f8e60008000 (12 bytes)
1736443600.084669 sending message 112 to peer 0x7f8e60008000 (13 bytes)
1736443600.084678 sending message 112 to peer 0x7f8e60008000 (9 bytes)
1736443600.084686 sending message 112 to peer 0x7f8e60008000 (9 bytes)
1736443600.084694 sending message 112 to peer 0x7f8e60008000 (12 bytes)
1736443600.084702 sending message 112 to peer 0x7f8e60008000 (8 bytes)
1736443600.084711 sending message 112 to peer 0x7f8e60008000 (8 bytes)
1736443600.084719 sending message 112 to peer 0x7f8e60008000 (7 bytes)
1736443600.084727 sending message 112 to peer 0x7f8e60008000 (7 bytes)
1736443600.084735 sending message 112 to peer 0x7f8e60008000 (9 bytes)
1736443600.084744 sending message 112 to peer 0x7f8e60008000 (13 bytes)
1736443600.084752 sending message 112 to peer 0x7f8e60008000 (6 bytes)
1736443600.084760 sending message 112 to peer 0x7f8e60008000 (9 bytes)
1736443600.084768 sending message 112 to peer 0x7f8e60008000 (15 bytes)
1736443600.084777 sending message 112 to peer 0x7f8e60008000 (13 bytes)
1736443600.084785 sending message 112 to peer 0x7f8e60008000 (12 bytes)
1736443600.084793 sending message 112 to peer 0x7f8e60008000 (8 bytes)
1736443600.084801 sending message 112 to peer 0x7f8e60008000 (14 bytes)
1736443600.084810 sending message 112 to peer 0x7f8e60008000 (11 bytes)
1736443600.084818 sending message 112 to peer 0x7f8e60008000 (9 bytes)
1736443600.084826 sending message 112 to peer 0x7f8e60008000 (10 bytes)
1736443600.084848 sending message 112 to peer 0x7f8e60008000 (10 bytes)
1736443600.084855 sending message 112 to peer 0x7f8e60008000 (10 bytes)
1736443600.084860 sending message 112 to peer 0x7f8e60008000 (10 bytes)
1736443600.084866 sending message 112 to peer 0x7f8e60008000 (11 bytes)
1736443600.084872 sending message 112 to peer 0x7f8e60008000 (12 bytes)
1736443600.084878 sending message 112 to peer 0x7f8e60008000 (12 bytes)
1736443600.084883 sending message 112 to peer 0x7f8e60008000 (12 bytes)
1736443600.084889 sending message 112 to peer 0x7f8e60008000 (12 bytes)
1736443600.084894 sending message 112 to peer 0x7f8e60008000 (12 bytes)
1736443600.084904 sending message 112 to peer 0x7f8e60008000 (11 bytes)
1736443600.084910 sending message 112 to peer 0x7f8e60008000 (11 bytes)
1736443600.084915 sending message 112 to peer 0x7f8e60008000 (12 bytes)
1736443600.084921 sending message 112 to peer 0x7f8e60008000 (12 bytes)
1736443600.084927 sending message 112 to peer 0x7f8e60008000 (12 bytes)
1736443600.084932 sending message 112 to peer 0x7f8e60008000 (12 bytes)
1736443600.084938 sending message 112 to peer 0x7f8e60008000 (12 bytes)
1736443600.084944 sending message 112 to peer 0x7f8e60008000 (10 bytes)
1736443600.084949 sending message 112 to peer 0x7f8e60008000 (12 bytes)
1736443600.084955 sending message 112 to peer 0x7f8e60008000 (13 bytes)
1736443600.084960 sending message 112 to peer 0x7f8e60008000 (13 bytes)
1736443600.084966 sending message 112 to peer 0x7f8e60008000 (13 bytes)
1736443600.084972 sending message 112 to peer 0x7f8e60008000 (13 bytes)
1736443600.084977 sending message 112 to peer 0x7f8e60008000 (13 bytes)
1736443600.084983 sending message 112 to peer 0x7f8e60008000 (8 bytes)
1736443600.084989 sending message 112 to peer 0x7f8e60008000 (11 bytes)
1736443600.084994 sending message 112 to peer 0x7f8e60008000 (11 bytes)
1736443600.085000 sending message 112 to peer 0x7f8e60008000 (11 bytes)
1736443600.085006 sending message 112 to peer 0x7f8e60008000 (12 bytes)
1736443600.085011 sending message 112 to peer 0x7f8e60008000 (12 bytes)
1736443600.085017 sending message 112 to peer 0x7f8e60008000 (12 bytes)
1736443600.085022 sending message 112 to peer 0x7f8e60008000 (12 bytes)
1736443600.085028 sending message 112 to peer 0x7f8e60008000 (13 bytes)
1736443600.085034 sending message 112 to peer 0x7f8e60008000 (13 bytes)
1736443600.085039 sending message 112 to peer 0x7f8e60008000 (13 bytes)
1736443600.085045 sending message 112 to peer 0x7f8e60008000 (8 bytes)
1736443600.085050 sending message 112 to peer 0x7f8e60008000 (13 bytes)
1736443600.085056 sending message 112 to peer 0x7f8e60008000 (13 bytes)
1736443600.085062 sending message 112 to peer 0x7f8e60008000 (13 bytes)
1736443600.085067 sending message 112 to peer 0x7f8e60008000 (13 bytes)
1736443600.085073 sending message 112 to peer 0x7f8e60008000 (13 bytes)
1736443600.085078 sending message 112 to peer 0x7f8e60008000 (12 bytes)
1736443600.085084 sending message 112 to peer 0x7f8e60008000 (12 bytes)
1736443600.085090 sending message 112 to peer 0x7f8e60008000 (12 bytes)
1736443600.085095 sending message 112 to peer 0x7f8e60008000 (12 bytes)
1736443600.085101 sending message 112 to peer 0x7f8e60008000 (13 bytes)
1736443600.085107 sending message 112 to peer 0x7f8e60008000 (8 bytes)
1736443600.085112 sending message 112 to peer 0x7f8e60008000 (13 bytes)
1736443600.085118 sending message 112 to peer 0x7f8e60008000 (13 bytes)
1736443600.085124 sending message 112 to peer 0x7f8e60008000 (13 bytes)
1736443600.085130 sending message 112 to peer 0x7f8e60008000 (13 bytes)
1736443600.085136 sending message 112 to peer 0x7f8e60008000 (13 bytes)
1736443600.085142 sending message 112 to peer 0x7f8e60008000 (13 bytes)
1736443600.085148 sending message 112 to peer 0x7f8e60008000 (13 bytes)
1736443600.085153 sending message 112 to peer 0x7f8e60008000 (12 bytes)
1736443600.085159 sending message 112 to peer 0x7f8e60008000 (12 bytes)
1736443600.085164 sending message 112 to peer 0x7f8e60008000 (12 bytes)
1736443600.085170 sending message 112 to peer 0x7f8e60008000 (8 bytes)
1736443600.085187 sending message 112 to peer 0x7f8e60008000 (12 bytes)
1736443600.085193 sending message 112 to peer 0x7f8e60008000 (13 bytes)
1736443600.085199 sending message 112 to peer 0x7f8e60008000 (13 bytes)
1736443600.085204 sending message 112 to peer 0x7f8e60008000 (13 bytes)
1736443600.085210 sending message 112 to peer 0x7f8e60008000 (13 bytes)
1736443600.085215 sending message 112 to peer 0x7f8e60008000 (13 bytes)
1736443600.085221 sending message 112 to peer 0x7f8e60008000 (13 bytes)
1736443600.085227 sending message 112 to peer 0x7f8e60008000 (13 bytes)
1736443600.085232 sending message 112 to peer 0x7f8e60008000 (13 bytes)
1736443600.085238 sending message 112 to peer 0x7f8e60008000 (12 bytes)
1736443600.085243 sending message 112 to peer 0x7f8e60008000 (10 bytes)
1736443600.085249 sending message 112 to peer 0x7f8e60008000 (12 bytes)
1736443600.085254 sending message 112 to peer 0x7f8e60008000 (12 bytes)
1736443600.085260 sending message 112 to peer 0x7f8e60008000 (12 bytes)
1736443600.085266 sending message 112 to peer 0x7f8e60008000 (13 bytes)
1736443600.085271 sending message 112 to peer 0x7f8e60008000 (13 bytes)
1736443600.085279 sending message 112 to peer 0x7f8e60008000 (13 bytes)
1736443600.085285 sending message 112 to peer 0x7f8e60008000 (13 bytes)
1736443600.085291 sending message 112 to peer 0x7f8e60008000 (13 bytes)
1736443600.085297 sending message 112 to peer 0x7f8e60008000 (13 bytes)
1736443600.085302 sending message 112 to peer 0x7f8e60008000 (13 bytes)
1736443600.085308 sending message 112 to peer 0x7f8e60008000 (10 bytes)
1736443600.085313 sending message 112 to peer 0x7f8e60008000 (13 bytes)
1736443600.085319 sending message 112 to peer 0x7f8e60008000 (12 bytes)
1736443600.085324 sending message 112 to peer 0x7f8e60008000 (12 bytes)
1736443600.085330 sending message 112 to peer 0x7f8e60008000 (12 bytes)
1736443600.085336 sending message 112 to peer 0x7f8e60008000 (10 bytes)
1736443600.085344 sending message 112 to peer 0x7f8e60008000 (10 bytes)
1736443600.085350 sending message 112 to peer 0x7f8e60008000 (10 bytes)
1736443600.085356 sending message 112 to peer 0x7f8e60008000 (12 bytes)
1736443600.085361 sending message 112 to peer 0x7f8e60008000 (13 bytes)
1736443600.085367 sending message 112 to peer 0x7f8e60008000 (13 bytes)
1736443600.085372 sending message 112 to peer 0x7f8e60008000 (13 bytes)
1736443600.085378 sending message 112 to peer 0x7f8e60008000 (13 bytes)
1736443600.085383 sending message 112 to peer 0x7f8e60008000 (13 bytes)
1736443600.085389 sending message 112 to peer 0x7f8e60008000 (11 bytes)
1736443600.085395 sending message 112 to peer 0x7f8e60008000 (11 bytes)
1736443600.085400 sending message 112 to peer 0x7f8e60008000 (12 bytes)
1736443600.085406 sending message 112 to peer 0x7f8e60008000 (12 bytes)
1736443600.085411 sending message 112 to peer 0x7f8e60008000 (12 bytes)
1736443600.085417 sending message 112 to peer 0x7f8e60008000 (12 bytes)
1736443600.085422 sending message 112 to peer 0x7f8e60008000 (12 bytes)
1736443600.085428 sending message 112 to peer 0x7f8e60008000 (11 bytes)
1736443600.085434 sending message 112 to peer 0x7f8e60008000 (12 bytes)
1736443600.085439 sending message 112 to peer 0x7f8e60008000 (12 bytes)
1736443600.085445 sending message 112 to peer 0x7f8e60008000 (13 bytes)
1736443600.085450 sending message 112 to peer 0x7f8e60008000 (13 bytes)
1736443600.085456 sending message 112 to peer 0x7f8e60008000 (13 bytes)
1736443600.085461 sending message 112 to peer 0x7f8e60008000 (13 bytes)
1736443600.085467 sending message 112 to peer 0x7f8e60008000 (13 bytes)
1736443600.085472 sending message 112 to peer 0x7f8e60008000 (10 bytes)
1736443600.085478 sending message 112 to peer 0x7f8e60008000 (9 bytes)
1736443600.085484 sending message 112 to peer 0x7f8e60008000 (12 bytes)
1736443600.085489 sending message 112 to peer 0x7f8e60008000 (13 bytes)
1736443600.085495 sending message 112 to peer 0x7f8e60008000 (13 bytes)
1736443600.085500 sending message 112 to peer 0x7f8e60008000 (13 bytes)
1736443600.085506 sending message 112 to peer 0x7f8e60008000 (13 bytes)
1736443600.085521 sending message 112 to peer 0x7f8e60008000 (13 bytes)
1736443600.085527 sending message 112 to peer 0x7f8e60008000 (9 bytes)
1736443600.085533 sending message 112 to peer 0x7f8e60008000 (12 bytes)
1736443600.085538 sending message 112 to peer 0x7f8e60008000 (13 bytes)
1736443600.085544 sending message 112 to peer 0x7f8e60008000 (13 bytes)
1736443600.085550 sending message 112 to peer 0x7f8e60008000 (13 bytes)
1736443600.085555 sending message 112 to peer 0x7f8e60008000 (13 bytes)
1736443600.085561 sending message 112 to peer 0x7f8e60008000 (13 bytes)
1736443600.085566 sending message 112 to peer 0x7f8e60008000 (11 bytes)
1736443600.085572 sending message 112 to peer 0x7f8e60008000 (12 bytes)
1736443600.085577 sending message 112 to peer 0x7f8e60008000 (13 bytes)
1736443600.085583 sending message 112 to peer 0x7f8e60008000 (13 bytes)
1736443600.085588 sending message 112 to peer 0x7f8e60008000 (13 bytes)
1736443600.085594 sending message 112 to peer 0x7f8e60008000 (13 bytes)
1736443600.085600 sending message 112 to peer 0x7f8e60008000 (13 bytes)
1736443600.085605 sending message 112 to peer 0x7f8e60008000 (11 bytes)
1736443600.085611 sending message 112 to peer 0x7f8e60008000 (12 bytes)
1736443600.085616 sending message 112 to peer 0x7f8e60008000 (12 bytes)
1736443600.085622 sending message 112 to peer 0x7f8e60008000 (12 bytes)
1736443600.085627 sending message 112 to peer 0x7f8e60008000 (12 bytes)
1736443600.085633 sending message 112 to peer 0x7f8e60008000 (12 bytes)
1736443600.085639 sending message 112 to peer 0x7f8e60008000 (21 bytes)
1736443600.085644 sending message 112 to peer 0x7f8e60008000 (12 bytes)
1736443600.085652 sending message 112 to peer 0x7f8e60008000 (9 bytes)
1736443600.085658 sending message 112 to peer 0x7f8e60008000 (6 bytes)
1736443600.085663 sending message 112 to peer 0x7f8e60008000 (13 bytes)
1736443600.085669 sending message 112 to peer 0x7f8e60008000 (8 bytes)
1736443600.085675 sending message 112 to peer 0x7f8e60008000 (15 bytes)
1736443600.085680 sending message 112 to peer 0x7f8e60008000 (13 bytes)
1736443600.085686 sending message 112 to peer 0x7f8e60008000 (9 bytes)
1736443600.085691 sending message 112 to peer 0x7f8e60008000 (70 bytes)
1736443600.085697 sending message 112 to peer 0x7f8e60008000 (69 bytes)
1736443600.085702 sending message 112 to peer 0x7f8e60008000 (10 bytes)
1736443600.085708 sending message 112 to peer 0x7f8e60008000 (10 bytes)
1736443600.085714 sending message 112 to peer 0x7f8e60008000 (8 bytes)
1736443600.085719 sending message 112 to peer 0x7f8e60008000 (15 bytes)
1736443600.085725 sending message 112 to peer 0x7f8e60008000 (13 bytes)
1736443600.085730 sending message 112 to peer 0x7f8e60008000 (10 bytes)
1736443600.085736 sending message 112 to peer 0x7f8e60008000 (10 bytes)
1736443600.085741 sending message 112 to peer 0x7f8e60008000 (17 bytes)
1736443600.085747 sending message 112 to peer 0x7f8e60008000 (10 bytes)
1736443600.085752 sending message 112 to peer 0x7f8e60008000 (13 bytes)
1736443600.085758 sending message 112 to peer 0x7f8e60008000 (9 bytes)
1736443600.085764 sending message 112 to peer 0x7f8e60008000 (5 bytes)
1736443600.085769 sending message 112 to peer 0x7f8e60008000 (15 bytes)
1736443600.085776 sending message 104 to peer 0x7f8e60008000 (0 bytes)
1736443600.085783 sending message 110 to peer 0x7f8e60008000 (0 bytes)
1736443600.085789 sending message 107 to peer 0x7f8e60008000 (4 bytes)
1736443600.085795 sending message 105 to peer 0x7f8e60008000 (20 bytes)
1736443600.085800 sending message 105 to peer 0x7f8e60008000 (22 bytes)
1736443600.085806 sending message 105 to peer 0x7f8e60008000 (23 bytes)
1736443600.085812 sending message 105 to peer 0x7f8e60008000 (20 bytes)
1736443600.085817 sending message 105 to peer 0x7f8e60008000 (21 bytes)
1736443600.085823 sending message 105 to peer 0x7f8e60008000 (21 bytes)
1736443600.085828 sending message 105 to peer 0x7f8e60008000 (19 bytes)
1736443600.085834 sending message 105 to peer 0x7f8e60008000 (24 bytes)
1736443600.085840 sending message 105 to peer 0x7f8e60008000 (20 bytes)
1736443600.085855 sending message 105 to peer 0x7f8e60008000 (18 bytes)
1736443600.085861 sending message 105 to peer 0x7f8e60008000 (20 bytes)
1736443600.085867 sending message 105 to peer 0x7f8e60008000 (31 bytes)
1736443600.085873 sending message 105 to peer 0x7f8e60008000 (35 bytes)
1736443600.085878 sending message 105 to peer 0x7f8e60008000 (39 bytes)
1736443600.085884 sending message 105 to peer 0x7f8e60008000 (32 bytes)
1736443600.085889 sending message 105 to peer 0x7f8e60008000 (32 bytes)
1736443600.085895 sending message 105 to peer 0x7f8e60008000 (22 bytes)
1736443600.085900 sending message 105 to peer 0x7f8e60008000 (26 bytes)
1736443600.085906 sending message 105 to peer 0x7f8e60008000 (72 bytes)
1736443600.085912 sending message 105 to peer 0x7f8e60008000 (16 bytes)
1736443600.085917 sending message 105 to peer 0x7f8e60008000 (60 bytes)
1736443600.085923 sending message 105 to peer 0x7f8e60008000 (32 bytes)
1736443600.085928 sending message 105 to peer 0x7f8e60008000 (18 bytes)
1736443600.085934 sending message 105 to peer 0x7f8e60008000 (17 bytes)
1736443600.085939 sending message 105 to peer 0x7f8e60008000 (16 bytes)
1736443600.085945 sending message 105 to peer 0x7f8e60008000 (92 bytes)
1736443600.085951 sending message 105 to peer 0x7f8e60008000 (44 bytes)
1736443600.085956 sending message 105 to peer 0x7f8e60008000 (417 bytes)
1736443600.085962 sending message 105 to peer 0x7f8e60008000 (46 bytes)
1736443600.085968 sending message 105 to peer 0x7f8e60008000 (15 bytes)
1736443600.085974 sending message 105 to peer 0x7f8e60008000 (8 bytes)
1736443600.085979 sending message 105 to peer 0x7f8e60008000 (66 bytes)
1736443600.085985 sending message 105 to peer 0x7f8e60008000 (19 bytes)
1736443600.085990 sending message 105 to peer 0x7f8e60008000 (67 bytes)
1736443600.085996 sending message 105 to peer 0x7f8e60008000 (18 bytes)
1736443600.086005 sending message 105 to peer 0x7f8e60008000 (25 bytes)
1736443600.086011 sending message 105 to peer 0x7f8e60008000 (57 bytes)
1736443600.086017 sending message 105 to peer 0x7f8e60008000 (43 bytes)
1736443600.086022 sending message 105 to peer 0x7f8e60008000 (14 bytes)
1736443600.086028 sending message 105 to peer 0x7f8e60008000 (55 bytes)
1736443600.086033 sending message 105 to peer 0x7f8e60008000 (13 bytes)
1736443600.086039 sending message 105 to peer 0x7f8e60008000 (16 bytes)
1736443600.086044 sending message 105 to peer 0x7f8e60008000 (14 bytes)
1736443600.086050 sending message 105 to peer 0x7f8e60008000 (19 bytes)
1736443600.086056 sending message 105 to peer 0x7f8e60008000 (42 bytes)
1736443600.086061 sending message 105 to peer 0x7f8e60008000 (38 bytes)
1736443600.086067 sending message 105 to peer 0x7f8e60008000 (14 bytes)
1736443600.086072 sending message 105 to peer 0x7f8e60008000 (17 bytes)
1736443600.086078 sending message 105 to peer 0x7f8e60008000 (19 bytes)
1736443600.086083 sending message 105 to peer 0x7f8e60008000 (19 bytes)
1736443600.086089 sending message 105 to peer 0x7f8e60008000 (30 bytes)
1736443600.086094 sending message 105 to peer 0x7f8e60008000 (22 bytes)
1736443600.086100 sending message 106 to peer 0x7f8e60008000 (0 bytes)
1736443600.086193 sending message 200 to peer 0x7f8e60008000 (4 bytes)
1736443600.086203 client loop enter
1736443600.086639 peer 0x7f8e60008000 message 303
1736443600.086665 open write file 2 -
1736443600.086712 sending message 305 to peer 0x7f8e60008000 (8 bytes)
1736443600.086740 write check file 2
1736443600.086813 peer 0x7f8e60008000 message 304
1736443600.086824 write 58 to file 2
1736443600.086848 peer 0x7f8e60008000 message 203
1736443600.086858 file 2 58 bytes left
1736443600.086874 write check file 2
1736443600.086881 client loop exit
